INFO:     Will watch for changes in these directories: ['C:\\Users\\tanis\\OneDrive\\Documents\\New project 2\\ai-cost-optimization-middleware']
INFO:     Uvicorn running on http://127.0.0.1:8000 (Press CTRL+C to quit)
INFO:     Started reloader process [23348] using WatchFiles
INFO:     Started server process [10252]
INFO:     Waiting for application startup.
INFO:     Application startup complete.
WARNING:  WatchFiles detected changes in 'app\abstract_stress_eval.py'. Reloading...
INFO:     Shutting down
INFO:     Waiting for application shutdown.
INFO:     Application shutdown complete.
INFO:     Finished server process [10252]
INFO:     Started server process [16128]
INFO:     Waiting for application startup.
INFO:     Application startup complete.
WARNING:  WatchFiles detected changes in 'optimizer\proposition_extractor.py'. Reloading...
INFO:     Shutting down
INFO:     Waiting for application shutdown.
INFO:     Application shutdown complete.
INFO:     Finished server process [16128]
WARNING:  WatchFiles detected changes in 'optimizer\proposition_extractor.py', 'optimizer\information_graph.py', 'app\abstract_stress_eval.py', 'optimizer\concept_aggregation.py', 'optimizer\minimum_renderer.py', 'tests\test_concept_aggregation.py'. Reloading...
INFO:     Started server process [26056]
INFO:     Waiting for application startup.
INFO:     Application startup complete.
INFO:     Shutting down
INFO:     Waiting for application shutdown.
INFO:     Application shutdown complete.
INFO:     Finished server process [26056]
INFO:     Started server process [18136]
INFO:     Waiting for application startup.
INFO:     Application startup complete.
WARNING:  WatchFiles detected changes in 'optimizer\prompt_type.py'. Reloading...
INFO:     Shutting down
INFO:     Waiting for application shutdown.
INFO:     Application shutdown complete.
INFO:     Finished server process [18136]
WARNING:  WatchFiles detected changes in 'benchmark.py', 'optimizer\strategy_planner.py', 'optimizer\enterprise_optimizer.py', 'tests\test_enterprise_cost_optimizer.py', 'optimizer\pipeline.py'. Reloading...
INFO:     Started server process [25376]
INFO:     Waiting for application startup.
INFO:     Application startup complete.
INFO:     Shutting down
INFO:     Waiting for application shutdown.
INFO:     Application shutdown complete.
INFO:     Finished server process [25376]
INFO:     Started server process [24816]
INFO:     Waiting for application startup.
INFO:     Application startup complete.
